Drill Listing
=============
Drill: 15  Tool: 1  Feed: 95  Speed: 300
X 15000  Y 94500
X 22500  Y 97500
X 7500  Y 97500
X 4500  Y 105000
X 25500  Y 105000
X 22500  Y 112500
X 7500  Y 112500
X 15000  Y 115500
X 277500  Y 255500
X 270000  Y 252500
X 267000  Y 245000
X 270000  Y 237500
X 277500  Y 234500
X 285000  Y 237500
X 288000  Y 245000
X 285000  Y 252500

Drill: 20  Tool: 2  Feed: 197  Speed: 550
X 95000  Y 35000
X 95000  Y 130000
X 65000  Y 142500
X 107500  Y 157500
X 115000  Y 152500
X 165000  Y 147500
X 115000  Y 137500
X 165000  Y 135000
X 145000  Y 125000
X 145000  Y 30000
X 205000  Y 5000
X 195000  Y 25000
X 210000  Y 110000
X 195000  Y 122500
X 215000  Y 133500
X 215000  Y 146500
X 205000  Y 220000
X 247500  Y 205000
X 255000  Y 190000
X 260000  Y 165000
X 245000  Y 120000
X 250000  Y 105000
X 250000  Y 95000
X 250000  Y 85000
X 260000  Y 82500
X 245000  Y 75000
X 260000  Y 50000
X 265000  Y 45000
X 265000  Y 35000
X 265000  Y 25000
X 265000  Y 15000
X 287500  Y 35000
X 287500  Y 45000
X 287500  Y 165000

Drill: 36  Tool: 3  Feed: 197  Speed: 550
X 75000  Y 40000
X 75000  Y 50000
X 75000  Y 60000
X 75000  Y 70000
X 75000  Y 80000
X 75000  Y 90000
X 75000  Y 100000
X 75000  Y 110000
X 75000  Y 160000
X 75000  Y 170000
X 75000  Y 180000
X 75000  Y 190000
X 75000  Y 200000
X 75000  Y 210000
X 75000  Y 220000
X 75000  Y 230000
X 85000  Y 230000
X 85000  Y 220000
X 85000  Y 210000
X 85000  Y 200000
X 85000  Y 190000
X 85000  Y 180000
X 85000  Y 170000
X 85000  Y 160000
X 85000  Y 110000
X 85000  Y 100000
X 85000  Y 90000
X 85000  Y 80000
X 85000  Y 70000
X 85000  Y 60000
X 85000  Y 50000
X 85000  Y 40000
X 125000  Y 40000
X 125000  Y 50000
X 125000  Y 60000
X 125000  Y 70000
X 125000  Y 80000
X 125000  Y 90000
X 125000  Y 100000
X 125000  Y 110000
X 125000  Y 160000
X 125000  Y 170000
X 125000  Y 180000
X 125000  Y 190000
X 125000  Y 200000
X 125000  Y 210000
X 125000  Y 220000
X 125000  Y 230000
X 135000  Y 230000
X 135000  Y 220000
X 135000  Y 210000
X 135000  Y 200000
X 135000  Y 190000
X 135000  Y 180000
X 135000  Y 170000
X 135000  Y 160000
X 135000  Y 110000
X 135000  Y 100000
X 135000  Y 90000
X 135000  Y 80000
X 135000  Y 70000
X 135000  Y 60000
X 135000  Y 50000
X 135000  Y 40000
X 175000  Y 40000
X 175000  Y 50000
X 175000  Y 60000
X 175000  Y 70000
X 175000  Y 80000
X 175000  Y 90000
X 175000  Y 100000
X 175000  Y 110000
X 175000  Y 160000
X 175000  Y 170000
X 175000  Y 180000
X 175000  Y 190000
X 175000  Y 200000
X 175000  Y 210000
X 175000  Y 220000
X 175000  Y 230000
X 185000  Y 230000
X 185000  Y 220000
X 185000  Y 210000
X 185000  Y 200000
X 185000  Y 190000
X 185000  Y 180000
X 185000  Y 170000
X 185000  Y 160000
X 185000  Y 110000
X 185000  Y 100000
X 185000  Y 90000
X 185000  Y 80000
X 185000  Y 70000
X 185000  Y 60000
X 185000  Y 50000
X 185000  Y 40000
X 225000  Y 40000
X 225000  Y 50000
X 225000  Y 60000
X 225000  Y 70000
X 225000  Y 80000
X 225000  Y 90000
X 225000  Y 100000
X 225000  Y 110000
X 225000  Y 160000
X 225000  Y 170000
X 225000  Y 180000
X 225000  Y 190000
X 225000  Y 200000
X 225000  Y 210000
X 225000  Y 220000
X 225000  Y 230000
X 235000  Y 230000
X 235000  Y 220000
X 235000  Y 210000
X 235000  Y 200000
X 235000  Y 190000
X 235000  Y 180000
X 235000  Y 170000
X 235000  Y 160000
X 235000  Y 110000
X 235000  Y 100000
X 235000  Y 90000
X 235000  Y 80000
X 235000  Y 70000
X 235000  Y 60000
X 235000  Y 50000
X 235000  Y 40000
X 297500  Y 10000
X 297500  Y 20000
X 297500  Y 30000
X 297500  Y 40000
X 297500  Y 50000
X 297500  Y 60000
X 297500  Y 70000
X 297500  Y 80000
X 297500  Y 90000
X 297500  Y 100000
X 297500  Y 110000
X 297500  Y 120000
X 297500  Y 130000
X 297500  Y 140000
X 297500  Y 150000
X 297500  Y 160000
X 297500  Y 170000
X 297500  Y 180000
X 297500  Y 190000
X 297500  Y 200000
X 307500  Y 200000
X 307500  Y 190000
X 307500  Y 180000
X 307500  Y 170000
X 307500  Y 160000
X 307500  Y 150000
X 307500  Y 140000
X 307500  Y 130000
X 307500  Y 120000
X 307500  Y 110000
X 307500  Y 100000
X 307500  Y 90000
X 307500  Y 80000
X 307500  Y 70000
X 307500  Y 60000
X 307500  Y 50000
X 307500  Y 40000
X 307500  Y 30000
X 307500  Y 20000
X 307500  Y 10000

Drill: 150  Tool: 4  Feed: 35  Speed: 900
X 15000  Y 105000
X 277500  Y 245000

End of Listing
